[2016-06-21 23:03:49] slim-app.INFO: GET partidos [] {"uid":"b2cd76e"}
[2016-06-21 23:56:01] slim-app.INFO: GET politicos/4931 [] {"uid":"94c3964"}
[2016-06-21 23:57:35] slim-app.INFO: GET politicos/4931 [] {"uid":"52d6b68"}
[2016-06-22 00:01:07] slim-app.INFO: GET politicos/4931 [] {"uid":"3fdb193"}
[2016-06-22 00:01:08] slim-app.INFO: GET politicos/4931 [] {"uid":"dd5f3d5"}
[2016-06-22 00:01:38] slim-app.INFO: GET politicos/4931 [] {"uid":"da34013"}
[2016-06-22 02:35:37] slim-app.INFO: GET partidos [] {"uid":"75d590c"}
[2016-06-22 02:44:13] slim-app.INFO: GET politicos/4931 [] {"uid":"a4a8ce7"}
[2016-06-22 02:44:13] slim-app.INFO: GET politicos/4931 [] {"uid":"6007661"}
[2016-06-22 02:44:17] slim-app.INFO: GET politicos/4931 [] {"uid":"959dbc3"}
[2016-06-22 02:44:18] slim-app.INFO: GET politicos/4931 [] {"uid":"a8666e8"}
[2016-06-22 02:44:18] slim-app.INFO: GET politicos/4931 [] {"uid":"5526fbc"}
[2016-06-22 02:44:18] slim-app.INFO: GET politicos/4931 [] {"uid":"072928b"}
[2016-06-22 02:44:19] slim-app.INFO: GET partidos [] {"uid":"29e1e86"}
[2016-06-22 02:44:20] slim-app.INFO: GET partidos [] {"uid":"aaad6eb"}
[2016-06-22 02:44:24] slim-app.INFO: GET partidos/DEM/politicos [] {"uid":"60b9deb"}
[2016-06-22 02:52:35] slim-app.INFO: GET politicos [] {"uid":"e4064ad"}
[2016-06-22 02:52:53] slim-app.INFO: GET partidos [] {"uid":"10fcb11"}
[2016-06-22 02:52:59] slim-app.INFO: GET partidos/DEM [] {"uid":"836e531"}
[2016-06-22 02:53:13] slim-app.INFO: GET politicos [] {"uid":"0f166eb"}
[2016-06-23 15:36:37] slim-app.INFO: GET politicos [] {"uid":"3a38e42"}
[2016-06-23 15:36:59] slim-app.INFO: GET politicos/4930 [] {"uid":"1ea974f"}
[2016-06-29 02:04:21] slim-app.INFO: GET partidos [] {"uid":"3973526"}
[2016-06-29 02:04:34] slim-app.INFO: GET partidos [] {"uid":"847daa6"}
[2016-06-29 02:14:36] slim-app.INFO: GET partidos [] {"uid":"5cd7e0c"}
[2016-06-29 04:29:50] slim-app.INFO: GET partidos [] {"uid":"bd5ce21"}
[2016-06-29 04:30:58] slim-app.INFO: GET partidos [] {"uid":"ddc31b5"}
[2016-06-29 04:50:16] slim-app.INFO: GET partidos [] {"uid":"a56497a"}
[2016-06-29 04:52:25] slim-app.INFO: GET politicos [] {"uid":"85bd548"}
[2016-06-29 04:52:33] slim-app.INFO: GET politicos/5842 [] {"uid":"3292071"}
[2016-06-29 04:56:20] slim-app.INFO: GET partidos [] {"uid":"7285387"}
[2016-06-29 04:58:18] slim-app.INFO: GET partidos [] {"uid":"e3d030f"}
[2016-06-29 04:58:58] slim-app.INFO: GET partido DEM [] {"uid":"41b651b"}
[2016-06-29 04:59:08] slim-app.INFO: GET partido DEM [] {"uid":"4bed9d7"}
[2016-06-29 04:59:15] slim-app.INFO: GET partido/DEM [] {"uid":"1bebf4d"}
[2016-06-29 05:03:51] slim-app.INFO: GET politicos [] {"uid":"c2139c3"}
[2016-06-29 05:03:59] slim-app.INFO: GET politicos [] {"uid":"8b9080e"}
[2016-06-29 05:06:48] slim-app.INFO: GET politico/5917 [] {"uid":"98ed1c8"}
[2016-06-29 05:07:03] slim-app.INFO: GET politico/4930 [] {"uid":"490119a"}
[2016-06-29 05:07:49] slim-app.INFO: GET politicos [] {"uid":"947d6e2"}
[2016-08-24 19:12:16] slim-app.INFO: GET partidos [] {"uid":"6dce793"}
[2016-08-24 19:14:41] slim-app.INFO: GET partidos [] {"uid":"14f32e3"}
[2016-08-26 18:15:09] slim-app.INFO: GET partidos [] {"uid":"9087663"}
[2016-08-26 18:32:46] slim-app.INFO: GET partidos [] {"uid":"c30c880"}
[2016-08-26 18:34:02] slim-app.INFO: GET partidos [] {"uid":"5fce624"}
[2016-08-26 18:34:11] slim-app.INFO: GET partidos [] {"uid":"47acad3"}
[2016-08-26 18:35:14] slim-app.INFO: GET partidos [] {"uid":"7777ffc"}
