[2016-06-21 22:48:52] slim-app.INFO: GET partidos [] {"uid":"45b326e"}
[2016-06-21 23:06:33] slim-app.INFO: GET partidos [] {"uid":"c1ea5cf"}
[2016-06-21 23:06:46] slim-app.INFO: GET partidos [] {"uid":"0f76996"}
[2016-06-21 23:09:23] slim-app.INFO: GET partidos [] {"uid":"15acfed"}
[2016-06-21 23:10:41] slim-app.INFO: GET partidos [] {"uid":"147c0d6"}
[2016-06-21 23:11:38] slim-app.INFO: GET partidos [] {"uid":"f047259"}
[2016-06-21 23:14:49] slim-app.INFO: GET partidos [] {"uid":"68ae3cc"}
[2016-06-21 23:16:37] slim-app.INFO: GET partidos [] {"uid":"e3dca71"}
[2016-06-21 23:21:41] slim-app.INFO: GET partidos [] {"uid":"84e5545"}
[2016-06-21 23:29:56] slim-app.INFO: GET partidos/DEM [] {"uid":"74635cf"}
[2016-06-21 23:30:02] slim-app.INFO: GET partidos [] {"uid":"e261bd2"}
[2016-06-21 23:34:42] slim-app.INFO: GET partidos [] {"uid":"aa9e026"}
[2016-06-21 23:34:45] slim-app.INFO: GET partidos [] {"uid":"c066274"}
[2016-06-21 23:41:07] slim-app.INFO: GET partidos/partido [] {"uid":"188c8c4"}
[2016-06-21 23:41:52] slim-app.INFO: GET partidos/partido [] {"uid":"df6fd7f"}
[2016-06-21 23:42:16] slim-app.INFO: GET partidos/partido [] {"uid":"ec93d13"}
[2016-06-21 23:42:19] slim-app.INFO: GET partidos [] {"uid":"5426b91"}
[2016-06-21 23:42:22] slim-app.INFO: GET partidos/partido [] {"uid":"ff8c32b"}
[2016-06-21 23:42:27] slim-app.INFO: GET partidos [] {"uid":"6e9ab15"}
[2016-06-21 23:42:36] slim-app.INFO: GET partidos [] {"uid":"ebd0645"}
[2016-06-21 23:42:36] slim-app.INFO: GET partidos [] {"uid":"cb9fc52"}
[2016-06-21 23:42:37] slim-app.INFO: GET partidos [] {"uid":"57a3506"}
[2016-06-21 23:42:37] slim-app.INFO: GET partidos [] {"uid":"8e90e2f"}
[2016-06-21 23:42:37] slim-app.INFO: GET partidos [] {"uid":"b88c2ad"}
[2016-06-21 23:42:41] slim-app.INFO: GET partidos/DEM [] {"uid":"d30fb1f"}
[2016-06-21 23:42:50] slim-app.INFO: GET partidos/DEM [] {"uid":"7e29c56"}
[2016-06-21 23:43:26] slim-app.INFO: GET partidos/DEM/politicos [] {"uid":"1c4b57c"}
[2016-06-21 23:43:47] slim-app.INFO: GET partidos/DEM/politicos [] {"uid":"1d4b351"}
[2016-06-21 23:45:30] slim-app.INFO: GET partidos [] {"uid":"f1bb516"}
[2016-06-21 23:45:40] slim-app.INFO: GET partidos [] {"uid":"374495e"}
[2016-06-21 23:48:14] slim-app.INFO: GET partidos [] {"uid":"047ca34"}
[2016-06-21 23:48:22] slim-app.INFO: GET partidos [] {"uid":"3a8981a"}
[2016-06-21 23:48:32] slim-app.INFO: GET partidos/DEM [] {"uid":"dc79a62"}
[2016-06-21 23:48:35] slim-app.INFO: GET partidos/DEM [] {"uid":"ce6a057"}
[2016-06-21 23:48:37] slim-app.INFO: GET partidos [] {"uid":"6fddc0b"}
[2016-06-21 23:50:08] slim-app.INFO: GET politicos [] {"uid":"932fe88"}
[2016-06-21 23:50:15] slim-app.INFO: GET politicos/4931 [] {"uid":"ff367c1"}
